Base path: D:/Programs/Unity4.6/Editor/Data
Pipe name: \\.\pipe\UnityShaderCompiler-2-5136
Cmd: getPlatforms
Cmd: compileSnippet
  api=0 type=0 insize=5272 outsize=1115 kw=DIRECTIONAL SHADOWS_OFF LIGHTMAP_OFF DIRLIGHTMAP_OFF ok=1
Cmd: compileSnippet
  api=4 type=0 insize=5272 outsize=2265 kw=DIRECTIONAL SHADOWS_SCREEN LIGHTMAP_ON DIRLIGHTMAP_OFF ok=1
Cmd: compileSnippet
  api=8 type=0 insize=5272 outsize=3226 kw=DIRECTIONAL SHADOWS_SCREEN LIGHTMAP_ON DIRLIGHTMAP_OFF ok=1
Cmd: compileSnippet
  api=1 type=0 insize=5272 outsize=1209 kw=DIRECTIONAL SHADOWS_OFF LIGHTMAP_OFF DIRLIGHTMAP_OFF VERTEXLIGHT_ON ok=1
Cmd: compileSnippet
  api=1 type=0 insize=5272 outsize=1329 kw=DIRECTIONAL SHADOWS_SCREEN LIGHTMAP_OFF DIRLIGHTMAP_OFF VERTEXLIGHT_ON ok=1
Cmd: compileSnippet
  api=8 type=1 insize=5272 outsize=2503 kw=DIRECTIONAL SHADOWS_OFF LIGHTMAP_OFF DIRLIGHTMAP_OFF ok=1
Cmd: compileSnippet
  api=8 type=1 insize=5272 outsize=2178 kw=DIRECTIONAL SHADOWS_OFF LIGHTMAP_ON DIRLIGHTMAP_ON ok=1
Cmd: compileSnippet
  api=4 type=1 insize=5272 outsize=2005 kw=DIRECTIONAL SHADOWS_SCREEN LIGHTMAP_ON DIRLIGHTMAP_OFF ok=1
Cmd: compileSnippet
  api=4 type=1 insize=5272 outsize=2005 kw=DIRECTIONAL SHADOWS_SCREEN LIGHTMAP_ON DIRLIGHTMAP_ON ok=1
Cmd: compileSnippet
  api=0 type=0 insize=3217 outsize=756 kw=DIRECTIONAL ok=1
Cmd: compileSnippet
  api=1 type=0 insize=3217 outsize=414 kw=SPOT ok=1
Cmd: compileSnippet
  api=1 type=0 insize=3217 outsize=395 kw=POINT_COOKIE ok=1
Cmd: compileSnippet
  api=8 type=0 insize=3217 outsize=3803 kw=POINT_COOKIE ok=1
Cmd: compileSnippet
  api=1 type=1 insize=3217 outsize=399 kw=POINT ok=1
Cmd: compileSnippet
  api=8 type=1 insize=3217 outsize=1747 kw=DIRECTIONAL ok=1
Cmd: compileSnippet
  api=0 type=1 insize=3217 outsize=612 kw=POINT_COOKIE ok=1
Cmd: compileSnippet
  api=8 type=1 insize=3217 outsize=2625 kw=POINT_COOKIE ok=1
Cmd: compileSnippet
  api=1 type=0 insize=2716 outsize=262 kw= ok=1
Cmd: compileSnippet
  api=8 type=1 insize=2716 outsize=967 kw= ok=1
Cmd: compileSnippet
  api=8 type=0 insize=4958 outsize=4778 kw=LIGHTMAP_OFF DIRLIGHTMAP_OFF HDR_LIGHT_PREPASS_OFF ok=1
Cmd: compileSnippet
  api=0 type=0 insize=4958 outsize=736 kw=LIGHTMAP_ON DIRLIGHTMAP_ON HDR_LIGHT_PREPASS_OFF ok=1
Cmd: compileSnippet
  api=8 type=0 insize=4958 outsize=3226 kw=LIGHTMAP_ON DIRLIGHTMAP_ON HDR_LIGHT_PREPASS_OFF ok=1
Cmd: compileSnippet
  api=4 type=0 insize=4958 outsize=2997 kw=LIGHTMAP_ON DIRLIGHTMAP_OFF HDR_LIGHT_PREPASS_ON ok=1
Cmd: compileSnippet
  api=1 type=0 insize=4958 outsize=391 kw=LIGHTMAP_ON DIRLIGHTMAP_ON HDR_LIGHT_PREPASS_ON ok=1
Cmd: compileSnippet
  api=0 type=1 insize=4958 outsize=858 kw=LIGHTMAP_ON DIRLIGHTMAP_OFF HDR_LIGHT_PREPASS_OFF ok=1
Cmd: compileSnippet
  api=8 type=1 insize=4958 outsize=3746 kw=LIGHTMAP_ON DIRLIGHTMAP_OFF HDR_LIGHT_PREPASS_OFF ok=1
Cmd: compileSnippet
  api=8 type=1 insize=4958 outsize=2300 kw=LIGHTMAP_OFF DIRLIGHTMAP_OFF HDR_LIGHT_PREPASS_ON ok=1
Cmd: compileSnippet
  api=1 type=1 insize=4958 outsize=402 kw=LIGHTMAP_ON DIRLIGHTMAP_ON HDR_LIGHT_PREPASS_ON ok=1
Unhandled exception: Readfile from pipe failed. GLE=Канал был закрыт.


Quitting shader compiler process
